<?xml version="1.0" encoding="UTF-8"?><testsuite errors="0" failures="0" name="com.gorest.testsuits.UserCRUDTest" skipped="0" tests="4" time="11.0" timestamp="2023-01-02T18:22:58.774Z[Europe/London]"><testcase classname="com.gorest.testsuits.UserCRUDTest" name="This will create a new user"/><testcase classname="com.gorest.testsuits.UserCRUDTest" name="Verify if the user is added to application"/><testcase classname="com.gorest.testsuits.UserCRUDTest" name="This will update user"/><testcase classname="com.gorest.testsuits.UserCRUDTest" name="Delete the user and verify if the user is deleted!"/></testsuite>